C:\USERS\HAMOUN\DOCUMENTS\VISUAL STUDIO 2012\PROJECTS\FINALPRACTICE\DEBUG\PROGRAM.OBJ
C:\USERS\HAMOUN\DOCUMENTS\VISUAL STUDIO 2012\PROJECTS\FINALPRACTICE\DEBUG\Q1-ANSWER.OBJ
C:\USERS\HAMOUN\DOCUMENTS\VISUAL STUDIO 2012\PROJECTS\FINALPRACTICE\DEBUG\VC110.PDB
C:\USERS\HAMOUN\DOCUMENTS\VISUAL STUDIO 2012\PROJECTS\FINALPRACTICE\DEBUG\Q1.ILK
C:\USERS\HAMOUN\DOCUMENTS\VISUAL STUDIO 2012\PROJECTS\FINALPRACTICE\DEBUG\Q1.EXE
C:\USERS\HAMOUN\DOCUMENTS\VISUAL STUDIO 2012\PROJECTS\FINALPRACTICE\DEBUG\Q1.PDB
c:\Users\hamoun\documents\visual studio 2012\Projects\finalPractice\Debug\program.obj
c:\Users\hamoun\documents\visual studio 2012\Projects\finalPractice\Debug\q1-answer.obj
c:\Users\hamoun\documents\visual studio 2012\Projects\finalPractice\Debug\q1.ilk
c:\Users\hamoun\documents\visual studio 2012\Projects\finalPractice\Debug\q3.ilk
c:\Users\hamoun\documents\visual studio 2012\Projects\finalPractice\Debug\q4.ilk
c:\Users\hamoun\documents\visual studio 2012\Projects\finalPractice\Debug\q5.ilk
c:\Users\hamoun\documents\visual studio 2012\Projects\finalPractice\Debug\cl.command.1.tlog
c:\Users\hamoun\documents\visual studio 2012\Projects\finalPractice\Debug\CL.read.1.tlog
c:\Users\hamoun\documents\visual studio 2012\Projects\finalPractice\Debug\CL.write.1.tlog
c:\Users\hamoun\documents\visual studio 2012\Projects\finalPractice\Debug\link-cvtres.read.1.tlog
c:\Users\hamoun\documents\visual studio 2012\Projects\finalPractice\Debug\link-cvtres.write.1.tlog
c:\Users\hamoun\documents\visual studio 2012\Projects\finalPractice\Debug\link-rc.read.1.tlog
c:\Users\hamoun\documents\visual studio 2012\Projects\finalPractice\Debug\link-rc.write.1.tlog
c:\Users\hamoun\documents\visual studio 2012\Projects\finalPractice\Debug\link.command.1.tlog
c:\Users\hamoun\documents\visual studio 2012\Projects\finalPractice\Debug\link.read.1.tlog
c:\Users\hamoun\documents\visual studio 2012\Projects\finalPractice\Debug\link.write.1.tlog
c:\Users\hamoun\documents\visual studio 2012\Projects\finalPractice\Debug\vc110.idb
c:\Users\hamoun\documents\visual studio 2012\Projects\finalPractice\Debug\q1.pdb
c:\Users\hamoun\documents\visual studio 2012\Projects\finalPractice\Debug\q3.pdb
c:\Users\hamoun\documents\visual studio 2012\Projects\finalPractice\Debug\q4.pdb
c:\Users\hamoun\documents\visual studio 2012\Projects\finalPractice\Debug\q5.pdb
c:\Users\hamoun\documents\visual studio 2012\Projects\finalPractice\Debug\vc110.pdb
c:\users\hamoun\documents\visual studio 2012\Projects\finalPractice\Debug\q1.pdb
c:\users\hamoun\documents\visual studio 2012\Projects\finalPractice\Debug\q1.exe
c:\users\hamoun\documents\visual studio 2012\Projects\finalPractice\Debug\q1.ilk
